# JRE version: Java(TM) SE Runtime Environment (25.0.1+8) (build 25.0.1+8-LTS-27)
# Java VM: Java HotSpot(TM) 64-Bit Server VM (25.0.1+8-LTS-27, mixed mode, emulated-client, sharing, tiered, compressed oops, compressed class ptrs, g1 gc, windows-amd64)
GC Precious Log:
 CardTable entry size: 512
 Card Set container configuration: InlinePtr #cards 4 size 8 Array Of Cards #cards 16 size 48 Howl #buckets 8 coarsen threshold 3686 Howl Bitmap #cards 512 size 80 coarsen threshold 460 Card regions per heap region 1 cards per card region 4096
 CPUs: 16 total, 16 available
 Memory: 16021M
 Large Page Support: Disabled
 NUMA Support: Disabled
 Compressed Oops: Enabled (Zero based)
 Heap Region Size: 2M
 Heap Min Capacity: 8M
 Heap Initial Capacity: 252M
 Heap Max Capacity: 4006M
 Pre-touch: Disabled
 Parallel Workers: 13
 Concurrent Workers: 3
 Concurrent Refinement Workers: 13
 Periodic GC: Disabled
Heap:
 garbage-first heap   total reserved 4102144K, committed 118784K, used 101392K [0x0000000705a00000, 0x0000000800000000)
  region size 2048K, 31 young (63488K), 2 survivors (4096K)
GC Heap Usage History (20 events):
Event: 47.615 {heap After GC invocations=27 (full 1):
 garbage-first heap   total reserved 4102144K, committed 118784K, used 41096K [0x0000000705a00000, 0x0000000800000000)
  region size 2048K, 2 young (4096K), 2 survivors (4096K)
}
Event: 47.981 {heap Before GC invocations=27 (full 1):
 garbage-first heap   total reserved 4102144K, committed 118784K, used 98440K [0x0000000705a00000, 0x0000000800000000)
  region size 2048K, 31 young (63488K), 2 survivors (4096K)
}
Event: 47.983 {heap After GC invocations=28 (full 1):
 garbage-first heap   total reserved 4102144K, committed 118784K, used 42280K [0x0000000705a00000, 0x0000000800000000)
  region size 2048K, 3 young (6144K), 3 survivors (6144K)
}
Event: 76.470 {heap Before GC invocations=29 (full 1):
 garbage-first heap   total reserved 4102144K, committed 118784K, used 99624K [0x0000000705a00000, 0x0000000800000000)
  region size 2048K, 32 young (65536K), 3 survivors (6144K)
}
Event: 76.473 {heap After GC invocations=30 (full 1):
 garbage-first heap   total reserved 4102144K, committed 118784K, used 45218K [0x0000000705a00000, 0x0000000800000000)
  region size 2048K, 4 young (8192K), 4 survivors (8192K)
}
Event: 208.114 {heap Before GC invocations=30 (full 1):
 garbage-first heap   total reserved 4102144K, committed 118784K, used 61602K [0x0000000705a00000, 0x0000000800000000)
  region size 2048K, 13 young (26624K), 4 survivors (8192K)
}
Event: 208.163 {heap After GC invocations=31 (full 2):
 garbage-first heap   total reserved 4102144K, committed 118784K, used 36253K [0x0000000705a00000, 0x0000000800000000)
  region size 2048K, 0 young (0K), 0 survivors (0K)
}
Event: 208.656 {heap Before GC invocations=31 (full 2):
 garbage-first heap   total reserved 4102144K, committed 118784K, used 93597K [0x0000000705a00000, 0x0000000800000000)
  region size 2048K, 30 young (61440K), 0 survivors (0K)
}
Event: 208.659 {heap After GC invocations=32 (full 2):
 garbage-first heap   total reserved 4102144K, committed 118784K, used 42586K [0x0000000705a00000, 0x0000000800000000)
  region size 2048K, 4 young (8192K), 4 survivors (8192K)
}
Event: 281.984 {heap Before GC invocations=33 (full 2):
 garbage-first heap   total reserved 4102144K, committed 118784K, used 97882K [0x0000000705a00000, 0x0000000800000000)
  region size 2048K, 32 young (65536K), 4 survivors (8192K)
}
Event: 281.991 {heap After GC invocations=34 (full 2):
 garbage-first heap   total reserved 4102144K, committed 118784K, used 45314K [0x0000000705a00000, 0x0000000800000000)
  region size 2048K, 2 young (4096K), 2 survivors (4096K)
}
Event: 282.400 {heap Before GC invocations=34 (full 2):
 garbage-first heap   total reserved 4102144K, committed 118784K, used 98562K [0x0000000705a00000, 0x0000000800000000)
  region size 2048K, 29 young (59392K), 2 survivors (4096K)
}
Event: 282.404 {heap After GC invocations=35 (full 2):
 garbage-first heap   total reserved 4102144K, committed 118784K, used 49408K [0x0000000705a00000, 0x0000000800000000)
  region size 2048K, 4 young (8192K), 4 survivors (8192K)
}
Event: 282.744 {heap Before GC invocations=35 (full 2):
 garbage-first heap   total reserved 4102144K, committed 118784K, used 100608K [0x0000000705a00000, 0x0000000800000000)
  region size 2048K, 30 young (61440K), 4 survivors (8192K)
}
Event: 282.747 {heap After GC invocations=36 (full 2):
 garbage-first heap   total reserved 4102144K, committed 118784K, used 50611K [0x0000000705a00000, 0x0000000800000000)
  region size 2048K, 2 young (4096K), 2 survivors (4096K)
}
Event: 360.964 {heap Before GC invocations=36 (full 2):
 garbage-first heap   total reserved 4102144K, committed 118784K, used 66995K [0x0000000705a00000, 0x0000000800000000)
  region size 2048K, 11 young (22528K), 2 survivors (4096K)
}
Event: 361.006 {heap After GC invocations=37 (full 3):
 garbage-first heap   total reserved 4102144K, committed 118784K, used 35090K [0x0000000705a00000, 0x0000000800000000)
  region size 2048K, 0 young (0K), 0 survivors (0K)
}
Event: 361.519 {heap Before GC invocations=37 (full 3):
 garbage-first heap   total reserved 4102144K, committed 118784K, used 96530K [0x0000000705a00000, 0x0000000800000000)
  region size 2048K, 32 young (65536K), 0 survivors (0K)
}
Event: 361.532 {heap After GC invocations=38 (full 3):
 garbage-first heap   total reserved 4102144K, committed 118784K, used 42000K [0x0000000705a00000, 0x0000000800000000)
  region size 2048K, 4 young (8192K), 4 survivors (8192K)
}
Event: 668.445 {heap Before GC invocations=39 (full 3):
 garbage-first heap   total reserved 4102144K, committed 118784K, used 99344K [0x0000000705a00000, 0x0000000800000000)
  region size 2048K, 33 young (67584K), 4 survivors (8192K)
}

